0 info it worked if it ends with ok
1 verbose cli [ 'C:\\Program Files\\nodejs\\node.exe',
1 verbose cli   'C:\\Program Files\\nodejs\\node_modules\\npm\\bin\\npm-cli.js',
1 verbose cli   'run',
1 verbose cli   'lint' ]
2 info using npm@3.8.6
3 info using node@v6.0.0
4 verbose run-script [ 'prelint', 'lint', 'postlint' ]
5 info lifecycle linter-phpcs@1.3.2~prelint: linter-phpcs@1.3.2
6 silly lifecycle linter-phpcs@1.3.2~prelint: no script for prelint, continuing
7 info lifecycle linter-phpcs@1.3.2~lint: linter-phpcs@1.3.2
8 verbose lifecycle linter-phpcs@1.3.2~lint: unsafe-perm in lifecycle true
9 verbose lifecycle linter-phpcs@1.3.2~lint: PATH: C:\Program Files\nodejs\node_modules\npm\bin\node-gyp-bin;C:\Users\Landon\Documents\GitHub-release\linter-phpcs\node_modules\.bin;C:\Program Files\nodejs;C:\Users\Landon\AppData\Local\GitHub\PortableGit_25d850739bc178b2eb13c3e2a9faafea2f9143c0\cmd;C:\Users\Landon\AppData\Local\GitHub\PortableGit_25d850739bc178b2eb13c3e2a9faafea2f9143c0\usr\bin;C:\Users\Landon\AppData\Local\GitHub\PortableGit_25d850739bc178b2eb13c3e2a9faafea2f9143c0\usr\share\git-tfs;C:\Users\Landon\AppData\Local\Apps\2.0\B8LD5LYV.WOG\307ROMTL.R3A\gith..tion_317444273a93ac29_0003.0000_c74cce3a838f9354;C:\Users\Landon\AppData\Local\GitHub\lfs-amd64_1.1.0;C:\WINDOWS\Microsoft.NET\Framework\v4.0.30319;C:\ProgramData\Oracle\Java\javapath;C:\WINDOWS\system32;C:\WINDOWS;C:\WINDOWS\System32\Wbem;C:\WINDOWS\System32\WindowsPowerShell\v1.0\;C:\Program Files (x86)\ATI Technologies\ATI.ACE\Core-Static;C:\Program Files\Python35\Scripts\;C:\Program Files\Python35\;C:\php7;C:\ProgramData\ComposerSetup\bin;C:\Ruby22-x64\bin;C:\Go\bin;C:\Go\workspace\bin;C:\Program Files\LLVM\bin;C:\Users\Landon\.dnx\bin;C:\Program Files\Microsoft DNX\Dnvm\;C:\Program Files (x86)\Windows Kits\8.1\Windows Performance Toolkit\;C:\Program Files\Microsoft SQL Server\120\Tools\Binn\;C:\Program Files\Git\cmd;C:\Users\Landon\AppData\Local\Microsoft\WindowsApps;C:\Program Files\nodejs\;C:\Users\Landon\AppData\Local\atom\bin;C:\Users\Landon\AppData\Roaming\Composer\vendor\bin;C:\Users\Landon\AppData\Local\Microsoft\WindowsApps;C:\Users\Landon\AppData\Roaming\npm
10 verbose lifecycle linter-phpcs@1.3.2~lint: CWD: C:\Users\Landon\Documents\GitHub-release\linter-phpcs
11 silly lifecycle linter-phpcs@1.3.2~lint: Args: [ '/d /s /c', 'coffeelint lib && eslint spec' ]
12 silly lifecycle linter-phpcs@1.3.2~lint: Returned: code: 1  signal: null
13 info lifecycle linter-phpcs@1.3.2~lint: Failed to exec lint script
14 verbose stack Error: linter-phpcs@1.3.2 lint: `coffeelint lib && eslint spec`
14 verbose stack Exit status 1
14 verbose stack     at EventEmitter.<anonymous> (C:\Program Files\nodejs\node_modules\npm\lib\utils\lifecycle.js:239:16)
14 verbose stack     at emitTwo (events.js:106:13)
14 verbose stack     at EventEmitter.emit (events.js:191:7)
14 verbose stack     at ChildProcess.<anonymous> (C:\Program Files\nodejs\node_modules\npm\lib\utils\spawn.js:24:14)
14 verbose stack     at emitTwo (events.js:106:13)
14 verbose stack     at ChildProcess.emit (events.js:191:7)
14 verbose stack     at maybeClose (internal/child_process.js:850:16)
14 verbose stack     at Process.ChildProcess._handle.onexit (internal/child_process.js:215:5)
15 verbose pkgid linter-phpcs@1.3.2
16 verbose cwd C:\Users\Landon\Documents\GitHub-release\linter-phpcs
17 error Windows_NT 10.0.14328
18 error argv "C:\\Program Files\\nodejs\\node.exe" "C:\\Program Files\\nodejs\\node_modules\\npm\\bin\\npm-cli.js" "run" "lint"
19 error node v6.0.0
20 error npm  v3.8.6
21 error code ELIFECYCLE
22 error linter-phpcs@1.3.2 lint: `coffeelint lib && eslint spec`
22 error Exit status 1
23 error Failed at the linter-phpcs@1.3.2 lint script 'coffeelint lib && eslint spec'.
23 error Make sure you have the latest version of node.js and npm installed.
23 error If you do, this is most likely a problem with the linter-phpcs package,
23 error not with npm itself.
23 error Tell the author that this fails on your system:
23 error     coffeelint lib && eslint spec
23 error You can get information on how to open an issue for this project with:
23 error     npm bugs linter-phpcs
23 error Or if that isn't available, you can get their info via:
23 error     npm owner ls linter-phpcs
23 error There is likely additional logging output above.
24 verbose exit [ 1, true ]
